<?xml version="1.0" encoding="UTF-8"?>
<!-- Generated by org.testng.reporters.JUnitReportReporter -->
<testsuite hostname="DESKTOP-2KHENJU" failures="0" tests="1" name="Cucumber.Automation.AppTest" time="0.008" errors="0" timestamp="2021-07-06T08:33:35 CDT" skipped="0">
  <testcase classname="Cucumber.Automation.AppTest" name="shouldAnswerWithTrue" time="0.008"/>
  <system-out/>
</testsuite> <!-- Cucumber.Automation.AppTest -->
